<?xml version="1.0" encoding="UTF-8"?>
<!-- Generated by org.testng.reporters.JUnitXMLReporter -->
<testsuite ignored="0" hostname="IN-BF3K1J3" failures="0" tests="10" name="Surefire test" time="22.298" errors="0" timestamp="2023-10-30T19:00:50 IST">
  <testcase classname="api.test.DataDrivenTests" name="testPostUser" time="2.94"/>
  <testcase classname="api.test.DataDrivenTests" name="testPostUser" time="1.457"/>
  <testcase classname="api.test.DataDrivenTests" name="testPostUser" time="1.576"/>
  <testcase classname="api.test.DataDrivenTests" name="testDeleteUserByName" time="3.299"/>
  <testcase classname="api.test.DataDrivenTests" name="testDeleteUserByName" time="1.638"/>
  <testcase classname="api.test.DataDrivenTests" name="testDeleteUserByName" time="1.417"/>
  <testcase classname="api.test.UserTests" name="testPostUser" time="1.516"/>
  <testcase classname="api.test.UserTests" name="testGetUserByName" time="2.254"/>
  <testcase classname="api.test.UserTests" name="testUpdateUserByName" time="3.064"/>
  <testcase classname="api.test.UserTests" name="testDeleteUserByName" time="1.393"/>
</testsuite> <!-- Surefire test -->
