<?xml version="1.0" encoding="UTF-8"?>
<!-- Generated by org.testng.reporters.JUnitXMLReporter -->
<testsuite ignored="0" hostname="IN-BF3K1J3" failures="0" tests="6" name="Default test" time="14.396" errors="0" timestamp="2023-10-26T17:56:06 IST">
  <testcase classname="api.test.DataDrivenTests" name="testPostUser" time="3.647"/>
  <testcase classname="api.test.DataDrivenTests" name="testPostUser" time="1.476"/>
  <testcase classname="api.test.DataDrivenTests" name="testPostUser" time="1.475"/>
  <testcase classname="api.test.DataDrivenTests" name="testDeleteUserByName" time="1.617"/>
  <testcase classname="api.test.DataDrivenTests" name="testDeleteUserByName" time="2.999"/>
  <testcase classname="api.test.DataDrivenTests" name="testDeleteUserByName" time="1.834"/>
</testsuite> <!-- Default test -->
