<?xml version="1.0" encoding="UTF-8"?>
<testng-results ignored="0" total="4" passed="4" failed="0" skipped="0">
  <reporter-output>
  </reporter-output>
  <suite started-at="2023-10-30T19:17:04 IST" name="PetSuite" finished-at="2023-10-30T19:17:14 IST" duration-ms="10285">
    <groups>
    </groups>
    <test started-at="2023-10-30T19:17:04 IST" name="Test" finished-at="2023-10-30T19:17:14 IST" duration-ms="10285">
      <class name="api.test.UserTests2">
        <test-method is-config="true" signature="setUpData()[pri:0, instance:api.test.UserTests2@4b45a2f5]" started-at="2023-10-30T19:17:04 IST" name="setUpData" finished-at="2023-10-30T19:17:05 IST" duration-ms="614" status="PASS">
          <reporter-output>
          </reporter-output>
        </test-method> <!-- setUpData -->
        <test-method signature="testPostUser()[pri:1, instance:api.test.UserTests2@4b45a2f5]" started-at="2023-10-30T19:17:05 IST" name="testPostUser" finished-at="2023-10-30T19:17:08 IST" duration-ms="3351" status="PASS">
          <reporter-output>
          </reporter-output>
        </test-method> <!-- testPostUser -->
        <test-method signature="testGetUserByName()[pri:2, instance:api.test.UserTests2@4b45a2f5]" started-at="2023-10-30T19:17:08 IST" name="testGetUserByName" finished-at="2023-10-30T19:17:10 IST" duration-ms="1602" status="PASS">
          <reporter-output>
          </reporter-output>
        </test-method> <!-- testGetUserByName -->
        <test-method signature="testUpdateUserByName()[pri:3, instance:api.test.UserTests2@4b45a2f5]" started-at="2023-10-30T19:17:10 IST" name="testUpdateUserByName" finished-at="2023-10-30T19:17:13 IST" duration-ms="2933" status="PASS">
          <reporter-output>
          </reporter-output>
        </test-method> <!-- testUpdateUserByName -->
        <test-method signature="testDeleteUserByName()[pri:4, instance:api.test.UserTests2@4b45a2f5]" started-at="2023-10-30T19:17:13 IST" name="testDeleteUserByName" finished-at="2023-10-30T19:17:14 IST" duration-ms="1467" status="PASS">
          <reporter-output>
          </reporter-output>
        </test-method> <!-- testDeleteUserByName -->
      </class> <!-- api.test.UserTests2 -->
    </test> <!-- Test -->
  </suite> <!-- PetSuite -->
</testng-results>
