<?xml version="1.0" encoding="UTF-8"?>
<testng-results ignored="0" total="4" passed="4" failed="0" skipped="0">
  <reporter-output>
  </reporter-output>
  <suite started-at="2023-10-30T18:47:58 IST" name="PetSuite" finished-at="2023-10-30T18:48:09 IST" duration-ms="10982">
    <groups>
    </groups>
    <test started-at="2023-10-30T18:47:58 IST" name="Test" finished-at="2023-10-30T18:48:09 IST" duration-ms="10982">
      <class name="api.test.UserTests2">
        <test-method is-config="true" signature="setUpData()[pri:0, instance:api.test.UserTests2@d9345cd]" started-at="2023-10-30T18:47:58 IST" name="setUpData" finished-at="2023-10-30T18:47:59 IST" duration-ms="833" status="PASS">
          <reporter-output>
          </reporter-output>
        </test-method> <!-- setUpData -->
        <test-method signature="testPostUser()[pri:1, instance:api.test.UserTests2@d9345cd]" started-at="2023-10-30T18:47:59 IST" name="testPostUser" finished-at="2023-10-30T18:48:03 IST" duration-ms="3516" status="PASS">
          <reporter-output>
          </reporter-output>
        </test-method> <!-- testPostUser -->
        <test-method signature="testGetUserByName()[pri:2, instance:api.test.UserTests2@d9345cd]" started-at="2023-10-30T18:48:03 IST" name="testGetUserByName" finished-at="2023-10-30T18:48:04 IST" duration-ms="1593" status="PASS">
          <reporter-output>
          </reporter-output>
        </test-method> <!-- testGetUserByName -->
        <test-method signature="testUpdateUserByName()[pri:3, instance:api.test.UserTests2@d9345cd]" started-at="2023-10-30T18:48:04 IST" name="testUpdateUserByName" finished-at="2023-10-30T18:48:08 IST" duration-ms="3169" status="PASS">
          <reporter-output>
          </reporter-output>
        </test-method> <!-- testUpdateUserByName -->
        <test-method signature="testDeleteUserByName()[pri:4, instance:api.test.UserTests2@d9345cd]" started-at="2023-10-30T18:48:08 IST" name="testDeleteUserByName" finished-at="2023-10-30T18:48:09 IST" duration-ms="1533" status="PASS">
          <reporter-output>
          </reporter-output>
        </test-method> <!-- testDeleteUserByName -->
      </class> <!-- api.test.UserTests2 -->
    </test> <!-- Test -->
  </suite> <!-- PetSuite -->
</testng-results>
