<?xml version="1.0" encoding="UTF-8"?>
<!-- Generated by org.testng.reporters.JUnitXMLReporter -->
<testsuite ignored="0" hostname="IN-BF3K1J3" failures="0" tests="4" name="Test" time="10.285" errors="0" timestamp="2023-10-30T19:17:15 IST">
  <testcase classname="api.test.UserTests2" name="testPostUser" time="3.351"/>
  <testcase classname="api.test.UserTests2" name="testGetUserByName" time="1.602"/>
  <testcase classname="api.test.UserTests2" name="testUpdateUserByName" time="2.933"/>
  <testcase classname="api.test.UserTests2" name="testDeleteUserByName" time="1.467"/>
</testsuite> <!-- Test -->
