<?xml version="1.0" encoding="UTF-8"?>
<!-- Generated by org.testng.reporters.JUnitXMLReporter -->
<testsuite ignored="0" hostname="IN-BF3K1J3" failures="0" tests="4" name="Test" time="10.982" errors="0" timestamp="2023-10-30T18:48:09 IST">
  <testcase classname="api.test.UserTests2" name="testPostUser" time="3.516"/>
  <testcase classname="api.test.UserTests2" name="testGetUserByName" time="1.593"/>
  <testcase classname="api.test.UserTests2" name="testUpdateUserByName" time="3.169"/>
  <testcase classname="api.test.UserTests2" name="testDeleteUserByName" time="1.533"/>
</testsuite> <!-- Test -->
